Arguments: 
  /usr/bin/node /home/jacobko/.yarn/bin/yarn.js init

PATH: 
  /home/jacobko/.yarn/bin:/home/jacobko/.config/yarn/global/node_modules/.bin:/usr/local/sbin:/usr/local/bin:/usr/sbin:/usr/bin:/sbin:/bin:/usr/games:/usr/local/games:/mnt/c/Program Files (x86)/Common Files/Oracle/Java/javapath:/mnt/c/Program Files (x86)/Common Files/Intel/Shared Libraries/redist/intel64/compiler:/mnt/c/Program Files/PHP/v5.3:/mnt/c/Program Files (x86)/Intel/iCLS Client/:/mnt/c/Program Files/Intel/iCLS Client/:/mnt/c/Windows/system32:/mnt/c/Windows:/mnt/c/Windows/System32/Wbem:/mnt/c/Windows/System32/WindowsPowerShell/v1.0/:/mnt/c/Program Files (x86)/Intel/Intel(R) Management Engine Components/DAL:/mnt/c/Program Files/Intel/Intel(R) Management Engine Components/DAL:/mnt/c/Program Files (x86)/Intel/Intel(R) Management Engine Components/IPT:/mnt/c/Program Files/Intel/Intel(R) Management Engine Components/IPT:/mnt/c/Program Files/Intel/WiFi/bin/:/mnt/c/Program Files/Common Files/Intel/WirelessCommon/:/mnt/c/Users/jacob/AppData/Local/Microsoft/WindowsApps:/mnt/c/Users/jacob/AppData/Local/atom/bin:/mnt/c/Program Files/Java/jdk-11.0.1/bin:/mnt/c/WINDOWS/system32:/mnt/c/WINDOWS:/mnt/c/WINDOWS/System32/Wbem:/mnt/c/WINDOWS/System32/WindowsPowerShell/v1.0/:/mnt/c/WINDOWS/System32/OpenSSH/:/mnt/c/Program Files (x86)/Calibre2/:/mnt/c/Program Files/Git/cmd:/mnt/c/Users/jacob/AppData/Roaming/nvm:/mnt/c/Program Files/nodejs:/mnt/c/ProgramData/chocolatey/bin:/mnt/c/Users/jacob/AppData/Local/Programs/Python/Python38/Scripts/:/mnt/c/Users/jacob/AppData/Local/Programs/Python/Python38/:/mnt/c/Python38/Scripts/:/mnt/c/Python38/:/mnt/c/Users/jacob/AppData/Local/Programs/Microsoft VS Code/bin:/mnt/c/Users/jacob/AppData/Roaming/nvm:/mnt/c/Program Files/nodejs

Yarn version: 
  1.22.5

Node version: 
  14.17.1

Platform: 
  linux x64

Trace: 
  Error: canceled
      at Interface.<anonymous> (/home/jacobko/.yarn/lib/cli.js:137009:13)
      at Interface.emit (events.js:375:28)
      at Interface._ttyWrite (readline.js:910:16)
      at ReadStream.onkeypress (readline.js:235:10)
      at ReadStream.emit (events.js:375:28)
      at emitKeys (internal/readline/utils.js:358:14)
      at emitKeys.next (<anonymous>)
      at ReadStream.onData (readline.js:1179:36)
      at ReadStream.emit (events.js:375:28)
      at addChunk (internal/streams/readable.js:290:12)

npm manifest: 
  No manifest

yarn manifest: 
  No manifest

Lockfile: 
  # THIS IS AN AUTOGENERATED FILE. DO NOT EDIT THIS FILE DIRECTLY.
  # yarn lockfile v1
